# JRE version: Java(TM) SE Runtime Environment (8.0_144-b01) (build 1.8.0_144-b01)
# Java VM: Java HotSpot(TM) 64-Bit Server VM (25.144-b01 mixed mode windows-amd64 compressed oops)
Heap:
 PSYoungGen      total 137728K, used 12557K [0x00000000d5b00000, 0x00000000e3580000, 0x0000000100000000)
  eden space 126464K, 3% used [0x00000000d5b00000,0x00000000d5fa8d18,0x00000000dd680000)
  from space 11264K, 69% used [0x00000000dd680000,0x00000000dde1aa68,0x00000000de180000)
  to   space 11264K, 0% used [0x00000000e2a80000,0x00000000e2a80000,0x00000000e3580000)
 ParOldGen       total 55296K, used 8930K [0x0000000081000000, 0x0000000084600000, 0x00000000d5b00000)
  object space 55296K, 16% used [0x0000000081000000,0x00000000818b8860,0x0000000084600000)
 Metaspace       used 25546K, capacity 26396K, committed 26624K, reserved 1073152K
  class space    used 2997K, capacity 3257K, committed 3328K, reserved 1048576K
GC Heap History (10 events):
Event: 5.837 GC heap before
{Heap before GC invocations=4 (full 0):
 PSYoungGen      total 38400K, used 38368K [0x00000000d5b00000, 0x00000000da600000, 0x0000000100000000)
  eden space 33280K, 100% used [0x00000000d5b00000,0x00000000d7b80000,0x00000000d7b80000)
  from space 5120K, 99% used [0x00000000d7b80000,0x00000000d8078020,0x00000000d8080000)
  to   space 5120K, 0% used [0x00000000da100000,0x00000000da100000,0x00000000da600000)
 ParOldGen       total 87552K, used 5900K [0x0000000081000000, 0x0000000086580000, 0x00000000d5b00000)
  object space 87552K, 6% used [0x0000000081000000,0x00000000815c3250,0x0000000086580000)
 Metaspace       used 20851K, capacity 21158K, committed 21296K, reserved 1069056K
  class space    used 2524K, capacity 2673K, committed 2688K, reserved 1048576K
Event: 5.849 GC heap after
Heap after GC invocations=4 (full 0):
 PSYoungGen      total 71680K, used 5088K [0x00000000d5b00000, 0x00000000da600000, 0x0000000100000000)
  eden space 66560K, 0% used [0x00000000d5b00000,0x00000000d5b00000,0x00000000d9c00000)
  from space 5120K, 99% used [0x00000000da100000,0x00000000da5f8020,0x00000000da600000)
  to   space 5120K, 0% used [0x00000000d9c00000,0x00000000d9c00000,0x00000000da100000)
 ParOldGen       total 87552K, used 10698K [0x0000000081000000, 0x0000000086580000, 0x00000000d5b00000)
  object space 87552K, 12% used [0x0000000081000000,0x0000000081a72b08,0x0000000086580000)
 Metaspace       used 20851K, capacity 21158K, committed 21296K, reserved 1069056K
  class space    used 2524K, capacity 2673K, committed 2688K, reserved 1048576K
}
Event: 5.919 GC heap before
{Heap before GC invocations=5 (full 0):
 PSYoungGen      total 71680K, used 10552K [0x00000000d5b00000, 0x00000000da600000, 0x0000000100000000)
  eden space 66560K, 8% used [0x00000000d5b00000,0x00000000d6056088,0x00000000d9c00000)
  from space 5120K, 99% used [0x00000000da100000,0x00000000da5f8020,0x00000000da600000)
  to   space 5120K, 0% used [0x00000000d9c00000,0x00000000d9c00000,0x00000000da100000)
 ParOldGen       total 87552K, used 10698K [0x0000000081000000, 0x0000000086580000, 0x00000000d5b00000)
  object space 87552K, 12% used [0x0000000081000000,0x0000000081a72b08,0x0000000086580000)
 Metaspace       used 20885K, capacity 21158K, committed 21296K, reserved 1069056K
  class space    used 2524K, capacity 2673K, committed 2688K, reserved 1048576K
Event: 5.928 GC heap after
Heap after GC invocations=5 (full 0):
 PSYoungGen      total 71680K, used 5104K [0x00000000d5b00000, 0x00000000df300000, 0x0000000100000000)
  eden space 66560K, 0% used [0x00000000d5b00000,0x00000000d5b00000,0x00000000d9c00000)
  from space 5120K, 99% used [0x00000000d9c00000,0x00000000da0fc010,0x00000000da100000)
  to   space 11264K, 0% used [0x00000000de800000,0x00000000de800000,0x00000000df300000)
 ParOldGen       total 87552K, used 11314K [0x0000000081000000, 0x0000000086580000, 0x00000000d5b00000)
  object space 87552K, 12% used [0x0000000081000000,0x0000000081b0cb18,0x0000000086580000)
 Metaspace       used 20885K, capacity 21158K, committed 21296K, reserved 1069056K
  class space    used 2524K, capacity 2673K, committed 2688K, reserved 1048576K
}
Event: 5.928 GC heap before
{Heap before GC invocations=6 (full 1):
 PSYoungGen      total 71680K, used 5104K [0x00000000d5b00000, 0x00000000df300000, 0x0000000100000000)
  eden space 66560K, 0% used [0x00000000d5b00000,0x00000000d5b00000,0x00000000d9c00000)
  from space 5120K, 99% used [0x00000000d9c00000,0x00000000da0fc010,0x00000000da100000)
  to   space 11264K, 0% used [0x00000000de800000,0x00000000de800000,0x00000000df300000)
 ParOldGen       total 87552K, used 11314K [0x0000000081000000, 0x0000000086580000, 0x00000000d5b00000)
  object space 87552K, 12% used [0x0000000081000000,0x0000000081b0cb18,0x0000000086580000)
 Metaspace       used 20885K, capacity 21158K, committed 21296K, reserved 1069056K
  class space    used 2524K, capacity 2673K, committed 2688K, reserved 1048576K
Event: 5.976 GC heap after
Heap after GC invocations=6 (full 1):
 PSYoungGen      total 71680K, used 0K [0x00000000d5b00000, 0x00000000df300000, 0x0000000100000000)
  eden space 66560K, 0% used [0x00000000d5b00000,0x00000000d5b00000,0x00000000d9c00000)
  from space 5120K, 0% used [0x00000000d9c00000,0x00000000d9c00000,0x00000000da100000)
  to   space 11264K, 0% used [0x00000000de800000,0x00000000de800000,0x00000000df300000)
 ParOldGen       total 55296K, used 8914K [0x0000000081000000, 0x0000000084600000, 0x00000000d5b00000)
  object space 55296K, 16% used [0x0000000081000000,0x00000000818b4860,0x0000000084600000)
 Metaspace       used 20885K, capacity 21158K, committed 21296K, reserved 1069056K
  class space    used 2524K, capacity 2673K, committed 2688K, reserved 1048576K
}
Event: 7.072 GC heap before
{Heap before GC invocations=7 (full 1):
 PSYoungGen      total 71680K, used 66560K [0x00000000d5b00000, 0x00000000df300000, 0x0000000100000000)
  eden space 66560K, 100% used [0x00000000d5b00000,0x00000000d9c00000,0x00000000d9c00000)
  from space 5120K, 0% used [0x00000000d9c00000,0x00000000d9c00000,0x00000000da100000)
  to   space 11264K, 0% used [0x00000000de800000,0x00000000de800000,0x00000000df300000)
 ParOldGen       total 55296K, used 8914K [0x0000000081000000, 0x0000000084600000, 0x00000000d5b00000)
  object space 55296K, 16% used [0x0000000081000000,0x00000000818b4860,0x0000000084600000)
 Metaspace       used 22454K, capacity 23082K, committed 23344K, reserved 1069056K
  class space    used 2666K, capacity 2862K, committed 2944K, reserved 1048576K
Event: 7.077 GC heap after
Heap after GC invocations=7 (full 1):
 PSYoungGen      total 122368K, used 4603K [0x00000000d5b00000, 0x00000000dec80000, 0x0000000100000000)
  eden space 117760K, 0% used [0x00000000d5b00000,0x00000000d5b00000,0x00000000dce00000)
  from space 4608K, 99% used [0x00000000de800000,0x00000000dec7ef70,0x00000000dec80000)
  to   space 11264K, 0% used [0x00000000dd680000,0x00000000dd680000,0x00000000de180000)
 ParOldGen       total 55296K, used 8922K [0x0000000081000000, 0x0000000084600000, 0x00000000d5b00000)
  object space 55296K, 16% used [0x0000000081000000,0x00000000818b6860,0x0000000084600000)
 Metaspace       used 22454K, capacity 23082K, committed 23344K, reserved 1069056K
  class space    used 2666K, capacity 2862K, committed 2944K, reserved 1048576K
}
Event: 53.177 GC heap before
{Heap before GC invocations=8 (full 1):
 PSYoungGen      total 122368K, used 122363K [0x00000000d5b00000, 0x00000000dec80000, 0x0000000100000000)
  eden space 117760K, 100% used [0x00000000d5b00000,0x00000000dce00000,0x00000000dce00000)
  from space 4608K, 99% used [0x00000000de800000,0x00000000dec7ef70,0x00000000dec80000)
  to   space 11264K, 0% used [0x00000000dd680000,0x00000000dd680000,0x00000000de180000)
 ParOldGen       total 55296K, used 8922K [0x0000000081000000, 0x0000000084600000, 0x00000000d5b00000)
  object space 55296K, 16% used [0x0000000081000000,0x00000000818b6860,0x0000000084600000)
 Metaspace       used 25462K, capacity 26224K, committed 26368K, reserved 1073152K
  class space    used 2988K, capacity 3217K, committed 3328K, reserved 1048576K
Event: 53.186 GC heap after
Heap after GC invocations=8 (full 1):
 PSYoungGen      total 137728K, used 7786K [0x00000000d5b00000, 0x00000000e3580000, 0x0000000100000000)
  eden space 126464K, 0% used [0x00000000d5b00000,0x00000000d5b00000,0x00000000dd680000)
  from space 11264K, 69% used [0x00000000dd680000,0x00000000dde1aa68,0x00000000de180000)
  to   space 11264K, 0% used [0x00000000e2a80000,0x00000000e2a80000,0x00000000e3580000)
 ParOldGen       total 55296K, used 8930K [0x0000000081000000, 0x0000000084600000, 0x00000000d5b00000)
  object space 55296K, 16% used [0x0000000081000000,0x00000000818b8860,0x0000000084600000)
 Metaspace       used 25462K, capacity 26224K, committed 26368K, reserved 1073152K
  class space    used 2988K, capacity 3217K, committed 3328K, reserved 1048576K
}

